{
  "uid" : "4b4757e66a1912dae1a509f688f20b0f",
  "name" : "categories",
  "children" : [ {
    "name" : "Product defects",
    "children" : [ {
      "name" : "Element not found {by text: Фотографии}\nExpected: exist\nScreenshot: file:/Users/tester/builds/DPBWpFwc/0/autotests/WebNew/build/reports/tests/1739665547972.5.png\nPage source: file:/Users/tester/builds/DPBWpFwc/0/autotests/WebNew/build/reports/tests/1739665547972.5.html\nTimeout: 12 s.\nCaused by: NoSuchElementException: no such element: Unable to locate element: {\"method\":\"xpath\",\"selector\":\".//*/text()[normalize-space(translate(string(.), '",
      "children" : [ {
        "name" : "Заказ постера: неавторизованный юзер",
        "uid" : "88652a6d0192fadf",
        "parentUid" : "e2d038f2c45f04a69d9abde7b2f5f5b2",
        "status" : "failed",
        "time" : {
          "start" : 1739665534684,
          "stop" : 1739665548299,
          "duration" : 13615
        },
        "flaky" : false,
        "newFailed" : false,
        "parameters" : [ ]
      } ],
      "uid" : "e2d038f2c45f04a69d9abde7b2f5f5b2"
    }, {
      "name" : "Element not found {img[title='Онлайнкнига']}\nExpected: clickable: interactable and enabled\nScreenshot: file:/Users/tester/builds/DPBWpFwc/0/autotests/WebNew/build/reports/tests/1739665588680.6.png\nPage source: file:/Users/tester/builds/DPBWpFwc/0/autotests/WebNew/build/reports/tests/1739665588680.6.html\nTimeout: 12 s.\nCaused by: NoSuchElementException: no such element: Unable to locate element: {\"method\":\"css selector\",\"selector\":\"img[title='Онлайнкнига']\"}",
      "children" : [ {
        "name" : "Создание книги в онлайн-редакторе",
        "uid" : "fb827854ebe9f50a",
        "parentUid" : "13ead7abb50c1e65394524fec0fd1536",
        "status" : "failed",
        "time" : {
          "start" : 1739665562181,
          "stop" : 1739665589010,
          "duration" : 26829
        },
        "flaky" : false,
        "newFailed" : false,
        "parameters" : [ ]
      } ],
      "uid" : "13ead7abb50c1e65394524fec0fd1536"
    }, {
      "name" : "Element should be visible {button.add-photo--js}\nElement: '<button class=\"button button-small button-success action-panel-action--js add-photo--js\" type=\"submit\" displayed:false></button>'\nActual value: hidden\nScreenshot: file:/Users/tester/builds/DPBWpFwc/0/autotests/WebNew/build/reports/tests/1739665618951.7.png\nPage source: file:/Users/tester/builds/DPBWpFwc/0/autotests/WebNew/build/reports/tests/1739665618951.7.html\nTimeout: 12 s.",
      "children" : [ {
        "name" : "Заказ карманного календарика: авторизованный юзер",
        "uid" : "11c182a141328393",
        "parentUid" : "5f41fb4065e2df0d668d12ae1129fd92",
        "status" : "failed",
        "time" : {
          "start" : 1739665589017,
          "stop" : 1739665619451,
          "duration" : 30434
        },
        "flaky" : false,
        "newFailed" : false,
        "parameters" : [ ]
      } ],
      "uid" : "5f41fb4065e2df0d668d12ae1129fd92"
    }, {
      "name" : "Element not found {by text: Мои альбомы}\nExpected: clickable: interactable and enabled\nScreenshot: file:/Users/tester/builds/DPBWpFwc/0/autotests/WebNew/build/reports/tests/1739665642356.8.png\nPage source: file:/Users/tester/builds/DPBWpFwc/0/autotests/WebNew/build/reports/tests/1739665642356.8.html\nTimeout: 12 s.\nCaused by: NoSuchElementException: no such element: Unable to locate element: {\"method\":\"xpath\",\"selector\":\".//*/text()[normalize-space(translate(string(.), '",
      "children" : [ {
        "name" : "Загрузка фото в альбом",
        "uid" : "478e14f321d2f8f2",
        "parentUid" : "bb68963774a5c44c3d12cf70f7516189",
        "status" : "failed",
        "time" : {
          "start" : 1739665619457,
          "stop" : 1739665642789,
          "duration" : 23332
        },
        "flaky" : false,
        "newFailed" : false,
        "parameters" : [ ]
      } ],
      "uid" : "bb68963774a5c44c3d12cf70f7516189"
    }, {
      "name" : "Element not found {td a[0]}\nExpected: visible\nScreenshot: file:/Users/tester/builds/DPBWpFwc/0/autotests/WebNew/build/reports/tests/1739665668203.9.png\nPage source: file:/Users/tester/builds/DPBWpFwc/0/autotests/WebNew/build/reports/tests/1739665668203.9.html\nTimeout: 12 s.\nCaused by: NoSuchElementException: no such element: Unable to locate element: {\"method\":\"css selector\",\"selector\":\"td a\"}",
      "children" : [ {
        "name" : "DemoOrderTest",
        "uid" : "c3d12bd0d9c828af",
        "parentUid" : "af225fbe70c4ca943653e6ef2bb6f2db",
        "status" : "failed",
        "time" : {
          "start" : 1739665668304,
          "stop" : 1739665668304,
          "duration" : 0
        },
        "flaky" : false,
        "newFailed" : false,
        "parameters" : [ ]
      } ],
      "uid" : "af225fbe70c4ca943653e6ef2bb6f2db"
    } ],
    "uid" : "8fb3a91ba5aaf9de24cc8a92edc82b5d"
  } ]
}